<?xml version="1.0" encoding="UTF-8"?>
<!-- Generated by org.testng.reporters.JUnitReportReporter -->
<testsuite hostname="DESKTOP-RRL37TT" failures="0" tests="3" name="com.selenium.test.DemoTest" time="41.885" errors="0" timestamp="2024-10-03T21:17:00 ART" skipped="0">
  <testcase classname="com.selenium.test.DemoTest" name="ValidarAdicionCarrito" time="14.853">
    <system-out>
      <![CDATA[Abrimos la página web www.demoblaze.com
Entramos a la categoría Phones
Hemos clickeado en la categoría Phones.
Hemos clickeado en el producto Samsung Galaxy S6.
Hemos clickeado en el botón 'Agregar al carrito'.
Se ha aceptado el alert de confirmación.
Hemos clickeado en el carrito para verificar los productos.
El contenido del carrito es visible.]]>
    </system-out>
  </testcase> <!-- ValidarAdicionCarrito -->
  <testcase classname="com.selenium.test.DemoTest" name="ValidarLogIn" time="14.600">
    <system-out>
      <![CDATA[Abrimos la página web www.demoblaze.com
Seleccionamos Log In
Hemos clickeado en la opción Log In.
Llenamos el campo de usuario con: florencia-otero1
Llenamos el campo de contraseña.
Hacemos clic en el botón de Log In.
El Log In ha sido exitoso.]]>
    </system-out>
  </testcase> <!-- ValidarLogIn -->
  <testcase classname="com.selenium.test.DemoTest" name="ValidarLogIn" time="12.432">
    <system-out>
      <![CDATA[Abrimos la página web www.demoblaze.com
Seleccionamos Log In
Hemos clickeado en la opción Log In.
Llenamos el campo de usuario con: oteroflorencia05
Llenamos el campo de contraseña.
Hacemos clic en el botón de Log In.
El Log In ha sido exitoso.]]>
    </system-out>
  </testcase> <!-- ValidarLogIn -->
  <system-out>
    <![CDATA[Abrimos la página web www.demoblaze.com
Entramos a la categoría Phones
Hemos clickeado en la categoría Phones.
Hemos clickeado en el producto Samsung Galaxy S6.
Hemos clickeado en el botón 'Agregar al carrito'.
Se ha aceptado el alert de confirmación.
Hemos clickeado en el carrito para verificar los productos.
El contenido del carrito es visible.
Abrimos la página web www.demoblaze.com
Seleccionamos Log In
Hemos clickeado en la opción Log In.
Llenamos el campo de usuario con: florencia-otero1
Llenamos el campo de contraseña.
Hacemos clic en el botón de Log In.
El Log In ha sido exitoso.
Abrimos la página web www.demoblaze.com
Seleccionamos Log In
Hemos clickeado en la opción Log In.
Llenamos el campo de usuario con: oteroflorencia05
Llenamos el campo de contraseña.
Hacemos clic en el botón de Log In.
El Log In ha sido exitoso.]]>
  </system-out>
</testsuite> <!-- com.selenium.test.DemoTest -->
