<?xml version="1.0" encoding="UTF-8"?>
<!-- Generated by org.testng.reporters.JUnitReportReporter -->
<testsuite hostname="DESKTOP-RRL37TT" failures="0" tests="2" name="com.selenium.test.WikiTest" time="16.212" errors="0" timestamp="2024-10-03T20:43:35 ART" skipped="0">
  <testcase classname="com.selenium.test.WikiTest" name="ValidarBusqueda" time="8.591">
    <system-out>
      <![CDATA[Iniciando la búsqueda para la palabra: Selenium
Texto Obtenido: 'Selenium'
Texto Esperado: 'Selenium'
La búsqueda fue exitosa: Sí]]>
    </system-out>
  </testcase> <!-- ValidarBusqueda -->
  <testcase classname="com.selenium.test.WikiTest" name="ValidarBusqueda" time="7.621">
    <system-out>
      <![CDATA[Iniciando la búsqueda para la palabra: TDD
Texto Obtenido: 'Desarrollo guiado por pruebas'
Texto Esperado: 'Desarrollo guiado por pruebas'
La búsqueda fue exitosa: Sí]]>
    </system-out>
  </testcase> <!-- ValidarBusqueda -->
  <system-out>
    <![CDATA[Iniciando la búsqueda para la palabra: Selenium
Texto Obtenido: 'Selenium'
Texto Esperado: 'Selenium'
La búsqueda fue exitosa: Sí
Iniciando la búsqueda para la palabra: TDD
Texto Obtenido: 'Desarrollo guiado por pruebas'
Texto Esperado: 'Desarrollo guiado por pruebas'
La búsqueda fue exitosa: Sí]]>
  </system-out>
</testsuite> <!-- com.selenium.test.WikiTest -->
