<?xml version="1.0" encoding="UTF-8"?>
<!-- Generated by org.testng.reporters.JUnitReportReporter -->
<testsuite hostname="DESKTOP-RRL37TT" failures="0" tests="2" name="com.selenium.test.GoogleTest" time="7.812" errors="0" timestamp="2024-10-03T20:52:18 ART" skipped="0">
  <testcase classname="com.selenium.test.GoogleTest" name="validarBusquedaGoogle" time="3.988">
    <system-out>
      <![CDATA[El input de búsqueda es visible.
Se realizó la búsqueda para: Epam Company
El título de la página de resultados es visible.
Texto Obtenido: 'EPAM | Software Engineering & Product Development Services'
Texto Esperado: 'EPAM | Software Engineering & Product Development Services'
La búsqueda fue exitosa: Sí]]>
    </system-out>
  </testcase> <!-- validarBusquedaGoogle -->
  <testcase classname="com.selenium.test.GoogleTest" name="validarBusquedaGoogle" time="3.824">
    <system-out>
      <![CDATA[El input de búsqueda es visible.
Se realizó la búsqueda para: Vates Software
El título de la página de resultados es visible.
Texto Obtenido: 'Vates: PMO Software Services | System Integration Company'
Texto Esperado: 'Vates: PMO Software Services | System Integration Company'
La búsqueda fue exitosa: Sí]]>
    </system-out>
  </testcase> <!-- validarBusquedaGoogle -->
  <system-out>
    <![CDATA[El input de búsqueda es visible.
Se realizó la búsqueda para: Epam Company
El título de la página de resultados es visible.
Texto Obtenido: 'EPAM | Software Engineering & Product Development Services'
Texto Esperado: 'EPAM | Software Engineering & Product Development Services'
La búsqueda fue exitosa: Sí
El input de búsqueda es visible.
Se realizó la búsqueda para: Vates Software
El título de la página de resultados es visible.
Texto Obtenido: 'Vates: PMO Software Services | System Integration Company'
Texto Esperado: 'Vates: PMO Software Services | System Integration Company'
La búsqueda fue exitosa: Sí]]>
  </system-out>
</testsuite> <!-- com.selenium.test.GoogleTest -->
